<?xml version="1.0" encoding="UTF-8"?>
<!-- Generated by org.testng.reporters.JUnitReportReporter -->
<testsuite hostname="surendragangwar" failures="0" tests="3" name="centralvista.Login" time="0.000" errors="0" timestamp="2023-01-19T17:10:23 IST" skipped="3">
  <testcase classname="centralvista.Login" name="CheckTitle" time="0.000">
    <skipped/>
  </testcase> <!-- CheckTitle -->
  <system-out/>
  <testcase classname="centralvista.Login" name="invalidlogin19" time="0.000">
    <skipped/>
  </testcase> <!-- invalidlogin19 -->
  <system-out/>
  <testcase classname="centralvista.Login" name="validlogin" time="0.000">
    <skipped/>
  </testcase> <!-- validlogin -->
  <system-out/>
</testsuite> <!-- centralvista.Login -->
